<?xml version="1.0" encoding="UTF-8"?>
<!-- Generated by org.testng.reporters.JUnitReportReporter -->
<testsuite hostname="DESKTOP-ESUF5MP" failures="0" tests="1" name="DriverFactory.DriverScript" time="33.792" errors="0" timestamp="2024-04-15T13:13:30 IST" skipped="0">
  <testcase classname="DriverFactory.DriverScript" name="startTest" time="33.792"/>
</testsuite> <!-- DriverFactory.DriverScript -->
