<?xml version="1.0" encoding="UTF-8"?>
<!-- Generated by org.testng.reporters.JUnitReportReporter -->
<testsuite hostname="DESKTOP-ESUF5MP" failures="0" tests="1" name="DriverFactory.AppTest" time="108.806" errors="0" timestamp="2024-04-18T14:15:03 IST" skipped="0">
  <testcase classname="DriverFactory.AppTest" name="kickStart" time="108.806">
    <system-out>
      <![CDATA[Electronics         Electronics]]>
    </system-out>
  </testcase> <!-- kickStart -->
  <system-out>
    <![CDATA[Electronics         Electronics]]>
  </system-out>
</testsuite> <!-- DriverFactory.AppTest -->
